Warning[205] C:\USERS\DRIKA\DESKTOP\MCT\PROJETO TRENA\SOFTWARE\TRENA MCR ASM.ASM 4 : Found directive in column 1. (CONFIG)
Warning[205] C:\USERS\DRIKA\DESKTOP\MCT\PROJETO TRENA\SOFTWARE\TRENA MCR ASM.ASM 5 : Found directive in column 1. (CONFIG)
Warning[205] C:\USERS\DRIKA\DESKTOP\MCT\PROJETO TRENA\SOFTWARE\TRENA MCR ASM.ASM 6 : Found directive in column 1. (CONFIG)
Warning[205] C:\USERS\DRIKA\DESKTOP\MCT\PROJETO TRENA\SOFTWARE\TRENA MCR ASM.ASM 12 : Found directive in column 1. (CBLOCK)
Warning[205] C:\USERS\DRIKA\DESKTOP\MCT\PROJETO TRENA\SOFTWARE\TRENA MCR ASM.ASM 53 : Found directive in column 1. (ENDC)
Warning[205] C:\USERS\DRIKA\DESKTOP\MCT\PROJETO TRENA\SOFTWARE\TRENA MCR ASM.ASM 88 : Found directive in column 1. (ORG)
Warning[203] C:\USERS\DRIKA\DESKTOP\MCT\PROJETO TRENA\SOFTWARE\TRENA MCR ASM.ASM 89 : Found opcode in column 1. (GOTO)
Warning[202] C:\USERS\DRIKA\DESKTOP\MCT\PROJETO TRENA\SOFTWARE\TRENA MCR ASM.ASM 400 : Argument out of range.  Least significant bits used.
Warning[202] C:\USERS\DRIKA\DESKTOP\MCT\PROJETO TRENA\SOFTWARE\TRENA MCR ASM.ASM 403 : Argument out of range.  Least significant bits used.
Warning[202] C:\USERS\DRIKA\DESKTOP\MCT\PROJETO TRENA\SOFTWARE\TRENA MCR ASM.ASM 406 : Argument out of range.  Least significant bits used.
Warning[203] C:\USERS\DRIKA\DESKTOP\MCT\PROJETO TRENA\SOFTWARE\TRENA MCR ASM.ASM 587 : Found opcode in column 1. (RETURN)
Warning[203] C:\USERS\DRIKA\DESKTOP\MCT\PROJETO TRENA\SOFTWARE\TRENA MCR ASM.ASM 616 : Found opcode in column 1. (RETURN)
Warning[203] C:\USERS\DRIKA\DESKTOP\MCT\PROJETO TRENA\SOFTWARE\TRENA MCR ASM.ASM 691 : Found opcode in column 1. (RETURN)
Warning[203] C:\USERS\DRIKA\DESKTOP\MCT\PROJETO TRENA\SOFTWARE\TRENA MCR ASM.ASM 875 : Found opcode in column 1. (CALL)
Warning[202] C:\USERS\DRIKA\DESKTOP\MCT\PROJETO TRENA\SOFTWARE\TRENA MCR ASM.ASM 877 : Argument out of range.  Least significant bits used.
Warning[202] C:\USERS\DRIKA\DESKTOP\MCT\PROJETO TRENA\SOFTWARE\TRENA MCR ASM.ASM 880 : Argument out of range.  Least significant bits used.
Warning[202] C:\USERS\DRIKA\DESKTOP\MCT\PROJETO TRENA\SOFTWARE\TRENA MCR ASM.ASM 883 : Argument out of range.  Least significant bits used.
Warning[203] C:\USERS\DRIKA\DESKTOP\MCT\PROJETO TRENA\SOFTWARE\TRENA MCR ASM.ASM 886 : Found opcode in column 1. (RCALL)
Warning[203] C:\USERS\DRIKA\DESKTOP\MCT\PROJETO TRENA\SOFTWARE\TRENA MCR ASM.ASM 887 : Found opcode in column 1. (RETURN)
Warning[203] C:\USERS\DRIKA\DESKTOP\MCT\PROJETO TRENA\SOFTWARE\TRENA MCR ASM.ASM 895 : Found opcode in column 1. (BTFSS)
Warning[203] C:\USERS\DRIKA\DESKTOP\MCT\PROJETO TRENA\SOFTWARE\TRENA MCR ASM.ASM 896 : Found opcode in column 1. (GOTO)
Warning[203] C:\USERS\DRIKA\DESKTOP\MCT\PROJETO TRENA\SOFTWARE\TRENA MCR ASM.ASM 964 : Found opcode in column 1. (CALL)
Warning[202] C:\USERS\DRIKA\DESKTOP\MCT\PROJETO TRENA\SOFTWARE\TRENA MCR ASM.ASM 966 : Argument out of range.  Least significant bits used.
Warning[202] C:\USERS\DRIKA\DESKTOP\MCT\PROJETO TRENA\SOFTWARE\TRENA MCR ASM.ASM 969 : Argument out of range.  Least significant bits used.
Warning[202] C:\USERS\DRIKA\DESKTOP\MCT\PROJETO TRENA\SOFTWARE\TRENA MCR ASM.ASM 972 : Argument out of range.  Least significant bits used.
Warning[203] C:\USERS\DRIKA\DESKTOP\MCT\PROJETO TRENA\SOFTWARE\TRENA MCR ASM.ASM 975 : Found opcode in column 1. (RCALL)
Warning[203] C:\USERS\DRIKA\DESKTOP\MCT\PROJETO TRENA\SOFTWARE\TRENA MCR ASM.ASM 976 : Found opcode in column 1. (RETURN)
Warning[203] C:\USERS\DRIKA\DESKTOP\MCT\PROJETO TRENA\SOFTWARE\TRENA MCR ASM.ASM 985 : Found opcode in column 1. (BTFSS)
Warning[203] C:\USERS\DRIKA\DESKTOP\MCT\PROJETO TRENA\SOFTWARE\TRENA MCR ASM.ASM 986 : Found opcode in column 1. (GOTO)
Warning[202] C:\USERS\DRIKA\DESKTOP\MCT\PROJETO TRENA\SOFTWARE\TRENA MCR ASM.ASM 1083 : Argument out of range.  Least significant bits used.
Warning[202] C:\USERS\DRIKA\DESKTOP\MCT\PROJETO TRENA\SOFTWARE\TRENA MCR ASM.ASM 1086 : Argument out of range.  Least significant bits used.
Warning[202] C:\USERS\DRIKA\DESKTOP\MCT\PROJETO TRENA\SOFTWARE\TRENA MCR ASM.ASM 1089 : Argument out of range.  Least significant bits used.
Warning[202] C:\USERS\DRIKA\DESKTOP\MCT\PROJETO TRENA\SOFTWARE\TRENA MCR ASM.ASM 1176 : Argument out of range.  Least significant bits used.
Warning[202] C:\USERS\DRIKA\DESKTOP\MCT\PROJETO TRENA\SOFTWARE\TRENA MCR ASM.ASM 1179 : Argument out of range.  Least significant bits used.
Warning[202] C:\USERS\DRIKA\DESKTOP\MCT\PROJETO TRENA\SOFTWARE\TRENA MCR ASM.ASM 1182 : Argument out of range.  Least significant bits used.
Warning[203] C:\USERS\DRIKA\DESKTOP\MCT\PROJETO TRENA\SOFTWARE\TRENA MCR ASM.ASM 1184 : Found opcode in column 1. (GOTO)
Warning[202] C:\USERS\DRIKA\DESKTOP\MCT\PROJETO TRENA\SOFTWARE\TRENA MCR ASM.ASM 1270 : Argument out of range.  Least significant bits used.
Warning[202] C:\USERS\DRIKA\DESKTOP\MCT\PROJETO TRENA\SOFTWARE\TRENA MCR ASM.ASM 1273 : Argument out of range.  Least significant bits used.
Warning[202] C:\USERS\DRIKA\DESKTOP\MCT\PROJETO TRENA\SOFTWARE\TRENA MCR ASM.ASM 1276 : Argument out of range.  Least significant bits used.
Warning[203] C:\USERS\DRIKA\DESKTOP\MCT\PROJETO TRENA\SOFTWARE\TRENA MCR ASM.ASM 1278 : Found opcode in column 1. (GOTO)
Warning[203] C:\USERS\DRIKA\DESKTOP\MCT\PROJETO TRENA\SOFTWARE\TRENA MCR ASM.ASM 1359 : Found opcode in column 1. (RETURN)
Warning[205] C:\USERS\DRIKA\DESKTOP\MCT\PROJETO TRENA\SOFTWARE\TRENA MCR ASM.ASM 1400 : Found directive in column 1. (END)
